
[2026-07-17T01:02:56.696045+00:00] $ /home/victor/dev/GitHub/mt-rag/.venv/bin/python3 /home/victor/dev/GitHub/mt-rag/scripts/run_experiment.py stage encode_bge --config /home/victor/dev/GitHub/mt-rag/configs/experiment.toml --run-dir /home/victor/dev/GitHub/mt-rag/runs/main
thermal pause: GPU 61.0°C, CPU 91.0°C
Traceback (most recent call last):
  File "/home/victor/dev/GitHub/mt-rag/scripts/run_experiment.py", line 132, in <module>
    main()
  File "/home/victor/dev/GitHub/mt-rag/scripts/run_experiment.py", line 112, in main
    run_stage(args.name, config, RunArtifacts(run_dir))
  File "/home/victor/dev/GitHub/mt-rag/src/mtrag/experiments/stages.py", line 63, in run_stage
    stage(config, artifacts)
  File "/home/victor/dev/GitHub/mt-rag/src/mtrag/experiments/query_stages.py", line 154, in encode_bge
    encoded = encoder.encode([text for _key, text in batch])
              ^^^^^^^^^^^^^^^^^^^^^^^^^^^^^^^^^^^^^^^^^^^^^^
  File "/home/victor/dev/GitHub/mt-rag/src/mtrag/encoding/bge_m3.py", line 70, in encode
    self.guard.wait("gpu")
  File "/home/victor/dev/GitHub/mt-rag/src/mtrag/runtime/thermal.py", line 240, in wait
    self._sleep(self.poll_interval)
KeyboardInterrupt

[2026-07-17T01:06:22.896182+00:00] $ /home/victor/dev/GitHub/mt-rag/.venv/bin/python3 /home/victor/dev/GitHub/mt-rag/scripts/run_experiment.py stage encode_bge --config /home/victor/dev/GitHub/mt-rag/configs/experiment.toml --run-dir /home/victor/dev/GitHub/mt-rag/runs/main
You're using a XLMRobertaTokenizerFast tokenizer. Please note that with a fast tokenizer, using the `__call__` method is faster than using a method to encode the text followed by a call to the `pad` method to get a padded encoding.
bge encode: 256/2054
bge encode: 512/2054
bge encode: 768/2054
bge encode: 1024/2054
bge encode: 1280/2054
bge encode: 1536/2054
thermal pause: GPU 59.0°C, CPU 95.0°C
bge encode: 1792/2054
bge encode: 2048/2054
bge encode: 2054/2054
saved 2396 query feature sets
