
[2026-07-17T04:58:45.536947+00:00] $ /home/victor/dev/GitHub/mt-rag/.venv/bin/python3 /home/victor/dev/GitHub/mt-rag/scripts/run_experiment.py stage evaluate_generation_bge --config /home/victor/dev/GitHub/mt-rag/configs/experiment.toml --run-dir /home/victor/dev/GitHub/mt-rag/runs/main
Cancellation requested; stopping current tasks.
Traceback (most recent call last):
  File "/home/victor/dev/GitHub/mt-rag/.venv/lib/python3.12/site-packages/huggingface_hub/file_download.py", line 633, in xet_get
    download_files(
KeyboardInterrupt

During handling of the above exception, another exception occurred:

Traceback (most recent call last):
  File "/home/victor/dev/GitHub/mt-rag/scripts/run_experiment.py", line 171, in <module>
    main()
  File "/home/victor/dev/GitHub/mt-rag/scripts/run_experiment.py", line 151, in main
    run_stage(args.name, config, RunArtifacts(run_dir))
  File "/home/victor/dev/GitHub/mt-rag/src/mtrag/experiments/stages.py", line 63, in run_stage
    stage(config, artifacts)
  File "/home/victor/dev/GitHub/mt-rag/src/mtrag/experiments/generation_stages.py", line 188, in evaluate_generation_bge
    _evaluate_generation(config, artifacts, ("b", "c_bge"))
  File "/home/victor/dev/GitHub/mt-rag/src/mtrag/experiments/generation_stages.py", line 164, in _evaluate_generation
    scorer = BertScoreBatcher(
             ^^^^^^^^^^^^^^^^^
  File "/home/victor/dev/GitHub/mt-rag/src/mtrag/evaluation/generation.py", line 64, in __init__
    self.scorer = BERTScorer(
                  ^^^^^^^^^^^
  File "/home/victor/dev/GitHub/mt-rag/.venv/lib/python3.12/site-packages/bert_score/scorer.py", line 98, in __init__
    self._model = get_model(self.model_type, self.num_layers, self.all_layers)
                  ^^^^^^^^^^^^^^^^^^^^^^^^^^^^^^^^^^^^^^^^^^^^^^^^^^^^^^^^^^^^
  File "/home/victor/dev/GitHub/mt-rag/.venv/lib/python3.12/site-packages/bert_score/utils.py", line 255, in get_model
    model = AutoModel.from_pretrained(model_type)
            ^^^^^^^^^^^^^^^^^^^^^^^^^^^^^^^^^^^^^
  File "/home/victor/dev/GitHub/mt-rag/.venv/lib/python3.12/site-packages/transformers/models/auto/auto_factory.py", line 604, in from_pretrained
    return model_class.from_pretrained(
           ^^^^^^^^^^^^^^^^^^^^^^^^^^^^
  File "/home/victor/dev/GitHub/mt-rag/.venv/lib/python3.12/site-packages/transformers/modeling_utils.py", line 277, in _wrapper
    return func(*args, **kwargs)
           ^^^^^^^^^^^^^^^^^^^^^
  File "/home/victor/dev/GitHub/mt-rag/.venv/lib/python3.12/site-packages/transformers/modeling_utils.py", line 4900, in from_pretrained
    checkpoint_files, sharded_metadata = _get_resolved_checkpoint_files(
                                         ^^^^^^^^^^^^^^^^^^^^^^^^^^^^^^^
  File "/home/victor/dev/GitHub/mt-rag/.venv/lib/python3.12/site-packages/transformers/modeling_utils.py", line 1066, in _get_resolved_checkpoint_files
    resolved_archive_file = cached_file(
                            ^^^^^^^^^^^^
  File "/home/victor/dev/GitHub/mt-rag/.venv/lib/python3.12/site-packages/transformers/utils/hub.py", line 322, in cached_file
    file = cached_files(path_or_repo_id=path_or_repo_id, filenames=[filename], **kwargs)
           ^^^^^^^^^^^^^^^^^^^^^^^^^^^^^^^^^^^^^^^^^^^^^^^^^^^^^^^^^^^^^^^^^^^^^^^^^^^^^
  File "/home/victor/dev/GitHub/mt-rag/.venv/lib/python3.12/site-packages/transformers/utils/hub.py", line 479, in cached_files
    hf_hub_download(
  File "/home/victor/dev/GitHub/mt-rag/.venv/lib/python3.12/site-packages/huggingface_hub/utils/_validators.py", line 114, in _inner_fn
    return fn(*args, **kwargs)
           ^^^^^^^^^^^^^^^^^^^
  File "/home/victor/dev/GitHub/mt-rag/.venv/lib/python3.12/site-packages/huggingface_hub/file_download.py", line 1014, in hf_hub_download
    return _hf_hub_download_to_cache_dir(
           ^^^^^^^^^^^^^^^^^^^^^^^^^^^^^^
  File "/home/victor/dev/GitHub/mt-rag/.venv/lib/python3.12/site-packages/huggingface_hub/file_download.py", line 1175, in _hf_hub_download_to_cache_dir
    _download_to_tmp_and_move(
  File "/home/victor/dev/GitHub/mt-rag/.venv/lib/python3.12/site-packages/huggingface_hub/file_download.py", line 1727, in _download_to_tmp_and_move
    xet_get(
  File "/home/victor/dev/GitHub/mt-rag/.venv/lib/python3.12/site-packages/huggingface_hub/file_download.py", line 628, in xet_get
    with progress_cm as progress:
         ^^^^^^^^^^^
  File "/home/victor/dev/GitHub/mt-rag/.venv/lib/python3.12/site-packages/tqdm/std.py", line 1144, in __exit__
    def __exit__(self, exc_type, exc_value, traceback):

KeyboardInterrupt

[2026-07-17T07:28:09.539180+00:00] $ /home/victor/dev/GitHub/mt-rag/.venv/bin/python3 /home/victor/dev/GitHub/mt-rag/scripts/run_experiment.py stage evaluate_generation_bge --config /home/victor/dev/GitHub/mt-rag/configs/experiment.toml --run-dir /home/victor/dev/GitHub/mt-rag/runs/main
/home/victor/dev/GitHub/mt-rag/.venv/lib/python3.12/site-packages/bert_score/scorer.py:139: UserWarning: The given NumPy array is not writable, and PyTorch does not support non-writable tensors. This means writing to this tensor will result in undefined behavior. You may want to copy the array to protect its data or make it writable before converting it to a tensor. This type of warning will be suppressed for the rest of this program. (Triggered internally at /pytorch/torch/csrc/utils/tensor_numpy.cpp:213.)
  self._baseline_vals = torch.from_numpy(
WARNING:mtrag.runtime.thermal:thermal pause: GPU 72.0°C, CPU 93.0°C
WARNING:mtrag.runtime.thermal:thermal pause: GPU 81.0°C, CPU 95.0°C
WARNING:mtrag.runtime.thermal:thermal pause: GPU 80.0°C, CPU 93.0°C
WARNING:mtrag.runtime.thermal:thermal pause: GPU 80.0°C, CPU 95.0°C
evaluated Task B: 842, RB_agg=0.4147
WARNING:mtrag.runtime.thermal:thermal pause: GPU 81.0°C, CPU 93.0°C
WARNING:mtrag.runtime.thermal:thermal pause: GPU 86.0°C, CPU 93.0°C
WARNING:mtrag.runtime.thermal:thermal pause: GPU 79.0°C, CPU 95.0°C
WARNING:mtrag.runtime.thermal:thermal pause: GPU 84.0°C, CPU 93.0°C
evaluated Task C_BGE: 842, RB_agg=0.3664
